<?xml version="1.0" encoding="UTF-8"?>
<testsuites name="GithubIntegration" time="1.149" tests="1" failures="0" errors="0">
   <testsuite name="GithubIntegration" tests="1" failures="0" errors="0" time="1.149" skipped="0" timestamp="2023-06-27 16:11:03" hostname="Prathamesh.Hulavale - DS019.step.com" id="Test Suites/GithubIntegration">
      <properties>
         <property name="deviceName" value=""/>
         <property name="devicePlatform" value=""/>
         <property name="logFolder" value="C:\\Users\\prathamesh.hulavale\\git\\Katalon_Repo\\Reports\\20230627_161059\\GithubIntegration\\20230627_161059"/>
         <property name="logFiles" value="C:\\Users\\prathamesh.hulavale\\git\\Katalon_Repo\\Reports\\20230627_161059\\GithubIntegration\\20230627_161059\\execution0.log"/>
         <property name="attachments" value=""/>
         <property name="hostName" value="Prathamesh.Hulavale - DS019.step.com"/>
         <property name="hostAddress" value="192.168.0.112"/>
         <property name="os" value="Windows 10 64bit"/>
         <property name="katalonVersion" value="8.5.5.208"/>
      </properties>
      <testcase name="Test Cases/for_Ech" time="0.605" classname="Test Cases/for_Ech" status="PASSED">
         <system-out><![CDATA[2023-06-27 16:11:04 - [TEST_CASE][PASSED] - Test Cases/for_Ech: Test Cases/for_Ech

2023-06-27 16:11:04 - [TEST_STEP][PASSED] - println("Hello Github"): null]]></system-out>
         <system-err><![CDATA[]]></system-err>
      </testcase>
      <system-out><![CDATA[2023-06-27 16:11:03 - [TEST_SUITE][PASSED] - GithubIntegration: Test Cases/for_Ech]]></system-out>
      <system-err><![CDATA[]]></system-err>
   </testsuite>
</testsuites>
