<?xml version="1.0" encoding="UTF-8"?>
<testsuites name="New_suite" time="0.9" tests="1" failures="0" errors="0">
   <testsuite name="New_suite" tests="1" failures="0" errors="0" time="0.9" skipped="0" timestamp="2023-06-28 12:03:20" hostname="Prathamesh.Hulavale - DS019.step.com" id="Test Suites/New_suite">
      <properties>
         <property name="deviceName" value=""/>
         <property name="devicePlatform" value=""/>
         <property name="logFolder" value="C:\\Users\\prathamesh.hulavale\\Katalon Studio\\Git_new_Project\\Katalon_Repo\\Reports\\20230628_120314\\New_suite\\20230628_120315"/>
         <property name="logFiles" value="C:\\Users\\prathamesh.hulavale\\Katalon Studio\\Git_new_Project\\Katalon_Repo\\Reports\\20230628_120314\\New_suite\\20230628_120315\\execution0.log"/>
         <property name="attachments" value=""/>
         <property name="hostName" value="Prathamesh.Hulavale - DS019.step.com"/>
         <property name="hostAddress" value="192.168.0.112"/>
         <property name="os" value="Windows 10 64bit"/>
         <property name="katalonVersion" value="8.5.5.208"/>
      </properties>
      <testcase name="Test Cases/HelloWorld" time="0.543" classname="Test Cases/HelloWorld" status="PASSED">
         <system-out><![CDATA[2023-06-28 12:03:20 - [TEST_CASE][PASSED] - Test Cases/HelloWorld: Test Cases/HelloWorld

2023-06-28 12:03:20 - [TEST_STEP][PASSED] - println("Hello World"): null]]></system-out>
         <system-err><![CDATA[]]></system-err>
      </testcase>
      <system-out><![CDATA[2023-06-28 12:03:20 - [TEST_SUITE][PASSED] - New_suite: Test Cases/HelloWorld]]></system-out>
      <system-err><![CDATA[]]></system-err>
   </testsuite>
</testsuites>
